<?xml version="1.0" encoding="UTF-8"?>
<!-- Generated by org.testng.reporters.JUnitReportReporter -->
<testsuite hostname="DESKTOP-O2IJ1P6" failures="0" tests="1" name="tests.AccountTest" time="25.025" errors="0" timestamp="2023-09-15T21:31:31 PDT" skipped="0">
  <testcase classname="tests.AccountTest" name="CreateAccount_TC14" time="25.025"/>
</testsuite> <!-- tests.AccountTest -->
