<?xml version="1.0" encoding="UTF-8"?>
<!-- Generated by org.testng.reporters.JUnitReportReporter -->
<testsuite hostname="DESKTOP-O2IJ1P6" failures="0" tests="5" name="tests.LeadsTest" time="75.576" errors="0" timestamp="2023-09-13T17:50:55 PDT" skipped="0">
  <testcase classname="tests.LeadsTest" name="leads_TC20" time="3.631"/>
  <testcase classname="tests.LeadsTest" name="leads_TC21" time="1.767"/>
  <testcase classname="tests.LeadsTest" name="leads_TC22" time="13.954"/>
  <testcase classname="tests.LeadsTest" name="leads_TC23" time="1.856"/>
  <testcase classname="tests.LeadsTest" name="leads_TC24" time="54.368"/>
</testsuite> <!-- tests.LeadsTest -->
