<?xml version="1.0" encoding="UTF-8"?>
<!-- Generated by org.testng.reporters.JUnitReportReporter -->
<testsuite hostname="DESKTOP-O2IJ1P6" failures="0" tests="1" name="apitests.LoginTest" time="4.037" errors="0" timestamp="2023-09-20T22:16:51 PDT" skipped="0">
  <testcase classname="apitests.LoginTest" name="loginTC_01" time="4.037"/>
</testsuite> <!-- apitests.LoginTest -->
