<?xml version="1.0" encoding="UTF-8"?>
<!-- Generated by org.testng.reporters.JUnitReportReporter -->
<testsuite hostname="DESKTOP-O2IJ1P6" failures="0" tests="2" name="seleniumpackage.TestNgDemo" time="0.013" errors="0" timestamp="2023-09-13T20:22:38 PDT" skipped="0">
  <testcase classname="seleniumpackage.TestNgDemo" name="login" time="0.005"/>
  <testcase classname="seleniumpackage.TestNgDemo" name="home" time="0.008"/>
</testsuite> <!-- seleniumpackage.TestNgDemo -->
