<?xml version="1.0" encoding="UTF-8"?>
<!-- Generated by org.testng.reporters.JUnitReportReporter -->
<testsuite hostname="DESKTOP-O2IJ1P6" failures="0" tests="1" name="tests.UserMenuTest" time="16.698" errors="0" timestamp="2023-09-20T18:24:55 PDT" skipped="0">
  <testcase classname="tests.UserMenuTest" name="userMenuDropDown_TC07" time="16.698"/>
</testsuite> <!-- tests.UserMenuTest -->
