<?xml version="1.0" encoding="UTF-8"?>
<!-- Generated by org.testng.reporters.JUnitReportReporter -->
<testsuite hostname="DESKTOP-O2IJ1P6" failures="0" tests="1" name="tests.RandomTest" time="15.435" errors="0" timestamp="2023-09-12T17:57:30 PDT" skipped="0">
  <testcase classname="tests.RandomTest" name="RandomScenarios_TC37" time="15.435"/>
</testsuite> <!-- tests.RandomTest -->
