<?xml version="1.0" encoding="UTF-8"?>
<!-- Generated by org.testng.reporters.JUnitReportReporter -->
<testsuite hostname="DESKTOP-O2IJ1P6" failures="0" tests="8" name="tests.ContactsTest" time="15.047" errors="0" timestamp="2023-11-16T17:07:29 PST" skipped="0">
  <testcase classname="tests.ContactsTest" name="Contacts_TC25" time="5.701"/>
  <testcase classname="tests.ContactsTest" name="Contacts_TC26" time="2.035"/>
  <testcase classname="tests.ContactsTest" name="Contacts_TC27" time="0.685"/>
  <testcase classname="tests.ContactsTest" name="Contacts_TC28" time="0.982"/>
  <testcase classname="tests.ContactsTest" name="Contacts_TC29" time="1.255"/>
  <testcase classname="tests.ContactsTest" name="Contacts_TC30" time="1.365"/>
  <testcase classname="tests.ContactsTest" name="Contacts_TC31" time="1.495"/>
  <testcase classname="tests.ContactsTest" name="Contacts_TC32" time="1.529"/>
</testsuite> <!-- tests.ContactsTest -->
