<?xml version="1.0" encoding="UTF-8"?>
<!-- Generated by org.testng.reporters.JUnitReportReporter -->
<testsuite hostname="DESKTOP-O2IJ1P6" failures="0" tests="5" name="tests.RandomScenariosTest" time="53.740" errors="0" timestamp="2023-11-16T17:06:42 PST" skipped="0">
  <testcase classname="tests.RandomScenariosTest" name="RandomScenarios_TC33" time="6.244"/>
  <testcase classname="tests.RandomScenariosTest" name="RandomScenarios_TC34" time="3.618"/>
  <testcase classname="tests.RandomScenariosTest" name="RandomScenarios_TC35" time="5.096"/>
  <testcase classname="tests.RandomScenariosTest" name="RandomScenarios_TC36" time="6.509"/>
  <testcase classname="tests.RandomScenariosTest" name="RandomScenarios_TC37" time="32.273"/>
</testsuite> <!-- tests.RandomScenariosTest -->
